2023-06-01 00:50:07,321 agent number of parameters: 10702085
2023-06-01 01:08:18,031 update: 25	fps: 5.871	
2023-06-01 01:08:18,032 update: 25	env-time: 111.165s	pth-time: 976.926s	frames: 6400
2023-06-01 01:08:18,032 Average window size: 25  distance_to_goal: 3.246  distance_to_goal_reward: 0.000  reward: -0.009  spl: 0.000  success: 0.000
2023-06-01 01:26:45,162 update: 50	fps: 5.826	
2023-06-01 01:26:45,162 update: 50	env-time: 244.709s	pth-time: 1948.581s	frames: 12800
2023-06-01 01:26:45,162 Average window size: 50  distance_to_goal: 3.186  distance_to_goal_reward: 0.000  reward: 0.055  spl: 0.000  success: 0.000
2023-06-01 01:45:10,074 update: 75	fps: 5.815	
2023-06-01 01:45:10,074 update: 75	env-time: 375.886s	pth-time: 2920.432s	frames: 19200
2023-06-01 01:45:10,075 Average window size: 50  distance_to_goal: 3.127  distance_to_goal_reward: 0.000  reward: 0.114  spl: 0.000  success: 0.000
2023-06-01 02:03:01,847 update: 100	fps: 5.853	
2023-06-01 02:03:01,848 update: 100	env-time: 470.647s	pth-time: 3895.233s	frames: 25600
2023-06-01 02:03:01,848 Average window size: 50  distance_to_goal: 3.098  distance_to_goal_reward: 0.000  reward: 0.138  spl: 0.000  success: 0.000
2023-06-01 02:21:03,281 update: 125	fps: 5.866	
2023-06-01 02:21:03,281 update: 125	env-time: 579.904s	pth-time: 4865.445s	frames: 32000
2023-06-01 02:21:03,281 Average window size: 50  distance_to_goal: 2.997  distance_to_goal_reward: 0.000  reward: 0.231  spl: 0.001  success: 0.001
2023-06-01 02:38:58,217 update: 150	fps: 5.880	
2023-06-01 02:38:58,218 update: 150	env-time: 679.684s	pth-time: 5838.562s	frames: 38400
2023-06-01 02:38:58,218 Average window size: 50  distance_to_goal: 2.896  distance_to_goal_reward: 0.000  reward: 0.343  spl: 0.006  success: 0.007
2023-06-01 02:56:53,063 update: 175	fps: 5.891	
2023-06-01 02:56:53,064 update: 175	env-time: 781.186s	pth-time: 6809.902s	frames: 44800
2023-06-01 02:56:53,064 Average window size: 50  distance_to_goal: 2.833  distance_to_goal_reward: 0.000  reward: 0.428  spl: 0.014  success: 0.015
2023-06-01 03:15:06,039 update: 200	fps: 5.886	
2023-06-01 03:15:06,040 update: 200	env-time: 876.698s	pth-time: 7805.052s	frames: 51200
2023-06-01 03:15:06,040 Average window size: 50  distance_to_goal: 2.792  distance_to_goal_reward: 0.000  reward: 0.476  spl: 0.018  success: 0.018
2023-06-01 03:32:57,036 update: 225	fps: 5.896	
2023-06-01 03:32:57,036 update: 225	env-time: 974.979s	pth-time: 8775.820s	frames: 57600
2023-06-01 03:32:57,036 Average window size: 50  distance_to_goal: 2.763  distance_to_goal_reward: 0.000  reward: 0.502  spl: 0.018  success: 0.019
2023-06-01 03:50:45,128 update: 250	fps: 5.906	
2023-06-01 03:50:45,128 update: 250	env-time: 1071.853s	pth-time: 9745.136s	frames: 64000
2023-06-01 03:50:45,129 Average window size: 50  distance_to_goal: 2.743  distance_to_goal_reward: 0.000  reward: 0.526  spl: 0.021  success: 0.021
2023-06-01 04:08:31,251 update: 275	fps: 5.914	
2023-06-01 04:08:31,252 update: 275	env-time: 1168.384s	pth-time: 10712.831s	frames: 70400
2023-06-01 04:08:31,252 Average window size: 50  distance_to_goal: 2.730  distance_to_goal_reward: 0.000  reward: 0.542  spl: 0.023  success: 0.023
2023-06-01 04:26:15,170 update: 300	fps: 5.923	
2023-06-01 04:26:15,170 update: 300	env-time: 1261.616s	pth-time: 11681.160s	frames: 76800
2023-06-01 04:26:15,170 Average window size: 50  distance_to_goal: 2.712  distance_to_goal_reward: 0.000  reward: 0.557  spl: 0.019  success: 0.019
2023-06-01 04:43:55,359 update: 325	fps: 5.931	
2023-06-01 04:43:55,359 update: 325	env-time: 1353.338s	pth-time: 12647.764s	frames: 83200
2023-06-01 04:43:55,359 Average window size: 50  distance_to_goal: 2.685  distance_to_goal_reward: 0.000  reward: 0.555  spl: 0.012  success: 0.012
2023-06-01 05:01:40,223 update: 350	fps: 5.937	
2023-06-01 05:01:40,223 update: 350	env-time: 1441.534s	pth-time: 13622.479s	frames: 89600
2023-06-01 05:01:40,224 Average window size: 50  distance_to_goal: 2.648  distance_to_goal_reward: 0.000  reward: 0.594  spl: 0.015  success: 0.015
2023-06-01 05:19:22,085 update: 375	fps: 5.943	
2023-06-01 05:19:22,085 update: 375	env-time: 1530.872s	pth-time: 14593.111s	frames: 96000
2023-06-01 05:19:22,085 Average window size: 50  distance_to_goal: 2.619  distance_to_goal_reward: 0.000  reward: 0.627  spl: 0.016  success: 0.017
2023-06-01 05:37:04,837 update: 400	fps: 5.948	
2023-06-01 05:37:04,837 update: 400	env-time: 1618.238s	pth-time: 15566.161s	frames: 102400
2023-06-01 05:37:04,837 Average window size: 50  distance_to_goal: 2.614  distance_to_goal_reward: 0.000  reward: 0.635  spl: 0.017  success: 0.017
2023-06-01 05:54:44,883 update: 425	fps: 5.953	
2023-06-01 05:54:44,884 update: 425	env-time: 1703.057s	pth-time: 16539.472s	frames: 108800
2023-06-01 05:54:44,884 Average window size: 50  distance_to_goal: 2.607  distance_to_goal_reward: 0.000  reward: 0.645  spl: 0.019  success: 0.019
2023-06-01 06:12:27,757 update: 450	fps: 5.957	
2023-06-01 06:12:27,759 update: 450	env-time: 1787.880s	pth-time: 17515.535s	frames: 115200
2023-06-01 06:12:27,759 Average window size: 50  distance_to_goal: 2.596  distance_to_goal_reward: 0.000  reward: 0.672  spl: 0.027  success: 0.027
2023-06-01 06:30:09,502 update: 475	fps: 5.960	
2023-06-01 06:30:09,503 update: 475	env-time: 1873.286s	pth-time: 18489.880s	frames: 121600
2023-06-01 06:30:09,503 Average window size: 50  distance_to_goal: 2.576  distance_to_goal_reward: 0.000  reward: 0.690  spl: 0.029  success: 0.030
2023-06-01 06:47:52,247 update: 500	fps: 5.963	
2023-06-01 06:47:52,248 update: 500	env-time: 1958.413s	pth-time: 19465.104s	frames: 128000
2023-06-01 06:47:52,248 Average window size: 50  distance_to_goal: 2.558  distance_to_goal_reward: 0.000  reward: 0.715  spl: 0.030  success: 0.031
2023-06-01 07:05:33,054 update: 525	fps: 5.967	
2023-06-01 07:05:33,055 update: 525	env-time: 2044.170s	pth-time: 20438.185s	frames: 134400
2023-06-01 07:05:33,055 Average window size: 50  distance_to_goal: 2.540  distance_to_goal_reward: 0.000  reward: 0.752  spl: 0.037  success: 0.038
2023-06-01 07:23:16,856 update: 550	fps: 5.969	
2023-06-01 07:23:16,856 update: 550	env-time: 2130.705s	pth-time: 21413.454s	frames: 140800
2023-06-01 07:23:16,857 Average window size: 50  distance_to_goal: 2.539  distance_to_goal_reward: 0.000  reward: 0.781  spl: 0.046  success: 0.048
2023-06-01 07:40:59,232 update: 575	fps: 5.971	
2023-06-01 07:40:59,232 update: 575	env-time: 2217.732s	pth-time: 22386.868s	frames: 147200
2023-06-01 07:40:59,232 Average window size: 50  distance_to_goal: 2.525  distance_to_goal_reward: 0.000  reward: 0.808  spl: 0.052  success: 0.054
2023-06-01 07:58:57,446 update: 600	fps: 5.970	
2023-06-01 07:58:57,447 update: 600	env-time: 2300.164s	pth-time: 23380.280s	frames: 153600
2023-06-01 07:58:57,447 Average window size: 50  distance_to_goal: 2.500  distance_to_goal_reward: 0.000  reward: 0.846  spl: 0.058  success: 0.059
